Der Buildvorgang wurde am 19.11.2017 17:34:54 gestartet.
     1>Projekt "E:\FFA320Connector\src_vs2013\FFA320Connector.vcxproj" auf Knoten "2", Rebuild Ziel(e).
     1>ClCompile:
         C:\Program Files (x86)\Microsoft Visual Studio 12.0\VC\bin\x86_amd64\CL.exe /c /ISDK\CHeaders\XPLM /ISDK\CHeaders\Widgets /Zi /nologo /W3 /WX- /O2 /Ob1 /D WIN32 /D NDEBUG /D _WINDOWS /D _USRDLL /D SIMDATA_EXPORTS /D IBM=1 /D XPLM200=1 /D XPLM210=1 /D _CRT_SECURE_NO_WARNINGS /D _VC80_UPGRADE=0x0600 /D _WINDLL /D _MBCS /GF /Gm- /EHsc /MT /GS /Gy /fp:precise /Zc:wchar_t /Zc:forScope /Fo".\Release\64\\" /Fd".\Release\64\vc120.pdb" /Gd /TP /errorReport:prompt FFA320Connector.cpp
         FFA320Connector.cpp
     1>FFA320Connector.cpp(38): warning C4005: 'XPLM200': Makro-Neudefinition
                 Befehlszeilenargumente: siehe vorherige Definition von "XPLM200"
     1>FFA320Connector.cpp(1128): warning C4244: 'Argument': Konvertierung von 'float' in 'int', möglicher Datenverlust
     1>FFA320Connector.cpp(1158): warning C4244: 'Argument': Konvertierung von 'float' in 'int', möglicher Datenverlust
     1>FFA320Connector.cpp(1165): warning C4244: 'Argument': Konvertierung von 'float' in 'int', möglicher Datenverlust
     1>FFA320Connector.cpp(1172): warning C4244: 'Argument': Konvertierung von 'float' in 'int', möglicher Datenverlust
     1>FFA320Connector.cpp(1179): warning C4244: 'Argument': Konvertierung von 'float' in 'int', möglicher Datenverlust
     1>FFA320Connector.cpp(1186): warning C4244: 'Argument': Konvertierung von 'float' in 'int', möglicher Datenverlust
     1>FFA320Connector.cpp(1193): warning C4244: 'Argument': Konvertierung von 'float' in 'int', möglicher Datenverlust
       Link:
         C:\Program Files (x86)\Microsoft Visual Studio 12.0\VC\bin\x86_amd64\link.exe /ERRORREPORT:PROMPT /OUT:"..\bin\FFA320Connector\64\win.xpl" /INCREMENTAL:NO /NOLOGO /LIBPATH:SDK\Libraries\Win Opengl32.lib odbc32.lib odbccp32.lib XPLM_64.lib XPWidgets_64.lib kernel32.lib user32.lib gdi32.lib winspool.lib comdlg32.lib advapi32.lib shell32.lib ole32.lib oleaut32.lib uuid.lib odbc32.lib odbccp32.lib /MANIFEST:NO /PDB:"..\bin\FFA320Connector\64\win.pdb" /SUBSYSTEM:CONSOLE /TLBID:1 /DYNAMICBASE /NXCOMPAT /IMPLIB:".\Release\64\Custom-Command-with-Custom-DataRef.lib" /MACHINE:X64 /DLL .\Release\64\FFA320Connector.obj
            Bibliothek ".\Release\64\Custom-Command-with-Custom-DataRef.lib" und Objekt ".\Release\64\Custom-Command-with-Custom-DataRef.exp" werden erstellt.
         FFA320Connector.vcxproj -> E:\FFA320Connector\src_vs2013\..\bin\FFA320Connector\64\win.xpl
     1>Die Erstellung des Projekts "E:\FFA320Connector\src_vs2013\FFA320Connector.vcxproj" ist abgeschlossen, Rebuild Ziel(e).

Build erfolgreich.

Verstrichene Zeit 00:00:01.44
